box.obj : error LNK2001: unresolved external symbol __imp___glewActiveTexture
mesh.obj : error LNK2001: unresolved external symbol __imp___glewActiveTexture
text.obj : error LNK2001: unresolved external symbol __imp___glewActiveTexture
box.obj : error LNK2001: unresolved external symbol __imp___glewBindBuffer
mesh.obj : error LNK2001: unresolved external symbol __imp___glewBindBuffer
text.obj : error LNK2001: unresolved external symbol __imp___glewBindBuffer
box.obj : error LNK2001: unresolved external symbol __imp___glewBufferData
mesh.obj : error LNK2001: unresolved external symbol __imp___glewBufferData
text.obj : error LNK2001: unresolved external symbol __imp___glewBufferData
box.obj : error LNK2001: unresolved external symbol __imp___glewGenBuffers
mesh.obj : error LNK2001: unresolved external symbol __imp___glewGenBuffers
text.obj : error LNK2001: unresolved external symbol __imp___glewGenBuffers
box.obj : error LNK2001: unresolved external symbol __imp___glewEnableVertexAttribArray
mesh.obj : error LNK2001: unresolved external symbol __imp___glewEnableVertexAttribArray
text.obj : error LNK2001: unresolved external symbol __imp___glewEnableVertexAttribArray
box.obj : error LNK2001: unresolved external symbol __imp___glewGetUniformLocation
graphics.obj : error LNK2001: unresolved external symbol __imp___glewGetUniformLocation
mesh.obj : error LNK2001: unresolved external symbol __imp___glewGetUniformLocation
text.obj : error LNK2001: unresolved external symbol __imp___glewGetUniformLocation
box.obj : error LNK2001: unresolved external symbol __imp___glewUniformMatrix4fv
graphics.obj : error LNK2001: unresolved external symbol __imp___glewUniformMatrix4fv
text.obj : error LNK2001: unresolved external symbol __imp___glewUniformMatrix4fv
box.obj : error LNK2001: unresolved external symbol __imp___glewVertexAttribPointer
mesh.obj : error LNK2001: unresolved external symbol __imp___glewVertexAttribPointer
text.obj : error LNK2001: unresolved external symbol __imp___glewVertexAttribPointer
box.obj : error LNK2001: unresolved external symbol __imp___glewBindVertexArray
mesh.obj : error LNK2001: unresolved external symbol __imp___glewBindVertexArray
text.obj : error LNK2001: unresolved external symbol __imp___glewBindVertexArray
box.obj : error LNK2001: unresolved external symbol __imp___glewGenVertexArrays
mesh.obj : error LNK2001: unresolved external symbol __imp___glewGenVertexArrays
text.obj : error LNK2001: unresolved external symbol __imp___glewGenVertexArrays
graphics.obj : error LNK2019: unresolved external symbol __imp_glewInit referenced in function "public: void __cdecl GraphicEngine::init(void)" (?init@GraphicEngine@@QEAAXXZ)
graphics.obj : error LNK2019: unresolved external symbol __imp_glewGetErrorString referenced in function "public: void __cdecl GraphicEngine::init(void)" (?init@GraphicEngine@@QEAAXXZ)
graphics.obj : error LNK2019: unresolved external symbol glfwInit referenced in function "public: void __cdecl GraphicEngine::init(void)" (?init@GraphicEngine@@QEAAXXZ)
graphics.obj : error LNK2019: unresolved external symbol glfwTerminate referenced in function "public: void __cdecl GraphicEngine::terminate(void)" (?terminate@GraphicEngine@@QEAAXXZ)
graphics.obj : error LNK2019: unresolved external symbol glfwGetVersion referenced in function "public: void __cdecl GraphicEngine::init(void)" (?init@GraphicEngine@@QEAAXXZ)
graphics.obj : error LNK2019: unresolved external symbol glfwWindowHint referenced in function "public: void __cdecl GraphicEngine::init(void)" (?init@GraphicEngine@@QEAAXXZ)
graphics.obj : error LNK2019: unresolved external symbol glfwCreateWindow referenced in function "public: void __cdecl GraphicEngine::init(void)" (?init@GraphicEngine@@QEAAXXZ)
graphics.obj : error LNK2019: unresolved external symbol glfwShowWindow referenced in function "public: void __cdecl GraphicEngine::ShowWindow(void)" (?ShowWindow@GraphicEngine@@QEAAXXZ)
graphics.obj : error LNK2019: unresolved external symbol glfwPollEvents referenced in function "public: void __cdecl GraphicEngine::update(double)" (?update@GraphicEngine@@QEAAXN@Z)
graphics.obj : error LNK2019: unresolved external symbol glfwSetInputMode referenced in function "public: void __cdecl GraphicEngine::init(void)" (?init@GraphicEngine@@QEAAXXZ)
graphics.obj : error LNK2019: unresolved external symbol glfwSetCursorPos referenced in function "public: void __cdecl GraphicEngine::ShowWindow(void)" (?ShowWindow@GraphicEngine@@QEAAXXZ)
keycalls.obj : error LNK2001: unresolved external symbol glfwSetCursorPos
graphics.obj : error LNK2019: unresolved external symbol glfwSetKeyCallback referenced in function "public: void __cdecl GraphicEngine::init(void)" (?init@GraphicEngine@@QEAAXXZ)
graphics.obj : error LNK2019: unresolved external symbol glfwSetMouseButtonCallback referenced in function "public: void __cdecl GraphicEngine::init(void)" (?init@GraphicEngine@@QEAAXXZ)
graphics.obj : error LNK2019: unresolved external symbol glfwSetScrollCallback referenced in function "public: void __cdecl GraphicEngine::init(void)" (?init@GraphicEngine@@QEAAXXZ)
graphics.obj : error LNK2019: unresolved external symbol glfwMakeContextCurrent referenced in function "public: void __cdecl GraphicEngine::init(void)" (?init@GraphicEngine@@QEAAXXZ)
graphics.obj : error LNK2019: unresolved external symbol glfwSwapBuffers referenced in function "public: void __cdecl GraphicEngine::update(double)" (?update@GraphicEngine@@QEAAXN@Z)
graphics.obj : error LNK2001: unresolved external symbol __imp___glewUniform3fv
graphics.obj : error LNK2001: unresolved external symbol __imp___GLEW_VERSION_2_1
graphics.obj : error LNK2001: unresolved external symbol __imp_glewExperimental
filereader.obj : error LNK2019: unresolved external symbol SOIL_load_image referenced in function "int __cdecl FileReader::TextureFromFile(char const *,class std::basic_string<char,struct std::char_traits<char>,class std::allocator<char> >)" (?TextureFromFile@FileReader@@YAHPEBDV?$basic_string@DU?$char_traits@D@std@@V?$allocator@D@2@@std@@@Z)
filereader.obj : error LNK2019: unresolved external symbol SOIL_free_image_data referenced in function "int __cdecl FileReader::TextureFromFile(char const *,class std::basic_string<char,struct std::char_traits<char>,class std::allocator<char> >)" (?TextureFromFile@FileReader@@YAHPEBDV?$basic_string@DU?$char_traits@D@std@@V?$allocator@D@2@@std@@@Z)
filereader.obj : error LNK2001: unresolved external symbol __imp___glewGenerateMipmap
mesh.obj : error LNK2001: unresolved external symbol __imp___glewUniform1f
model.obj : error LNK2019: unresolved external symbol "public: __cdecl Assimp::Importer::Importer(void)" (??0Importer@Assimp@@QEAA@XZ) referenced in function "private: void __cdecl Model::loadModel(class std::basic_string<char,struct std::char_traits<char>,class std::allocator<char> >)" (?loadModel@Model@@AEAAXV?$basic_string@DU?$char_traits@D@std@@V?$allocator@D@2@@std@@@Z)
model.obj : error LNK2019: unresolved external symbol "public: __cdecl Assimp::Importer::~Importer(void)" (??1Importer@Assimp@@QEAA@XZ) referenced in function "private: void __cdecl Model::loadModel(class std::basic_string<char,struct std::char_traits<char>,class std::allocator<char> >)" (?loadModel@Model@@AEAAXV?$basic_string@DU?$char_traits@D@std@@V?$allocator@D@2@@std@@@Z)
model.obj : error LNK2019: unresolved external symbol "public: struct aiScene const * __cdecl Assimp::Importer::ReadFile(char const *,unsigned int)" (?ReadFile@Importer@Assimp@@QEAAPEBUaiScene@@PEBDI@Z) referenced in function "public: struct aiScene const * __cdecl Assimp::Importer::ReadFile(class std::basic_string<char,struct std::char_traits<char>,class std::allocator<char> > const &,unsigned int)" (?ReadFile@Importer@Assimp@@QEAAPEBUaiScene@@AEBV?$basic_string@DU?$char_traits@D@std@@V?$allocator@D@2@@std@@I@Z)
model.obj : error LNK2019: unresolved external symbol "public: char const * __cdecl Assimp::Importer::GetErrorString(void)const " (?GetErrorString@Importer@Assimp@@QEBAPEBDXZ) referenced in function "private: void __cdecl Model::loadModel(class std::basic_string<char,struct std::char_traits<char>,class std::allocator<char> >)" (?loadModel@Model@@AEAAXV?$basic_string@DU?$char_traits@D@std@@V?$allocator@D@2@@std@@@Z)
model.obj : error LNK2019: unresolved external symbol aiGetMaterialTextureCount referenced in function "public: unsigned int __cdecl aiMaterial::GetTextureCount(enum aiTextureType)const " (?GetTextureCount@aiMaterial@@QEBAIW4aiTextureType@@@Z)
model.obj : error LNK2019: unresolved external symbol aiGetMaterialTexture referenced in function "public: enum aiReturn __cdecl aiMaterial::GetTexture(enum aiTextureType,unsigned int,struct aiString *,enum aiTextureMapping *,unsigned int *,float *,enum aiTextureOp *,enum aiTextureMapMode *)const " (?GetTexture@aiMaterial@@QEBA?AW4aiReturn@@W4aiTextureType@@IPEAUaiString@@PEAW4aiTextureMapping@@PEAIPEAMPEAW4aiTextureOp@@PEAW4aiTextureMapMode@@@Z)
shader.obj : error LNK2001: unresolved external symbol __imp___glewAttachShader
shader.obj : error LNK2001: unresolved external symbol __imp___glewCompileShader
shader.obj : error LNK2001: unresolved external symbol __imp___glewCreateProgram
shader.obj : error LNK2001: unresolved external symbol __imp___glewCreateShader
shader.obj : error LNK2001: unresolved external symbol __imp___glewDeleteShader
shader.obj : error LNK2001: unresolved external symbol __imp___glewGetProgramInfoLog
shader.obj : error LNK2001: unresolved external symbol __imp___glewGetProgramiv
shader.obj : error LNK2001: unresolved external symbol __imp___glewGetShaderInfoLog
shader.obj : error LNK2001: unresolved external symbol __imp___glewGetShaderiv
shader.obj : error LNK2001: unresolved external symbol __imp___glewLinkProgram
shader.obj : error LNK2001: unresolved external symbol __imp___glewShaderSource
shader.obj : error LNK2001: unresolved external symbol __imp___glewUseProgram
text.obj : error LNK2001: unresolved external symbol __imp___glewUniform4f
keycalls.obj : error LNK2019: unresolved external symbol glfwGetWindowSize referenced in function "void __cdecl keys::use_keys(struct GLFWwindow *,double)" (?use_keys@keys@@YAXPEAUGLFWwindow@@N@Z)
keycalls.obj : error LNK2019: unresolved external symbol glfwGetCursorPos referenced in function "void __cdecl keys::use_keys(struct GLFWwindow *,double)" (?use_keys@keys@@YAXPEAUGLFWwindow@@N@Z)
Source.obj : error LNK2019: unresolved external symbol glfwWindowShouldClose referenced in function main
Source.obj : error LNK2019: unresolved external symbol glfwSetWindowShouldClose referenced in function "public: void __cdecl Player::Move(struct GLFWwindow *)" (?Move@Player@@QEAAXPEAUGLFWwindow@@@Z)
Source.obj : error LNK2019: unresolved external symbol glfwGetTime referenced in function main
D:\Birdnestss\Birdnest\Birdnest\libraries\lib\glfw3.lib : warning LNK4272: library machine type 'X86' conflicts with target machine type 'x64'
D:\Birdnestss\Birdnest\Birdnest\libraries\lib\glew32.lib : warning LNK4272: library machine type 'X86' conflicts with target machine type 'x64'
D:\Birdnestss\Birdnest\Birdnest\libraries\lib\SOIL.lib : warning LNK4272: library machine type 'X86' conflicts with target machine type 'x64'
D:\Birdnestss\Birdnest\Birdnest\libraries\lib\assimp.lib : warning LNK4272: library machine type 'X86' conflicts with target machine type 'x64'
D:\Birdnestss\Birdnest\Birdnest\libraries\lib\freetype.lib : warning LNK4272: library machine type 'X86' conflicts with target machine type 'x64'
D:\Birdnestss\Birdnest\x64\Debug\Birdnest.exe : fatal error LNK1120: 57 unresolved externals
