  box.cpp
d:\birdnestss\birdnest\birdnest\box.h(4): fatal error C1083: Cannot open include file: 'includes.h': No such file or directory
  gameengine.cpp
d:\birdnestss\birdnest\birdnest\gameengine.h(4): fatal error C1083: Cannot open include file: 'includes.h': No such file or directory
  graphics.cpp
d:\birdnestss\birdnest\birdnest\graphics.h(4): fatal error C1083: Cannot open include file: 'includes.h': No such file or directory
  filereader.cpp
d:\birdnestss\birdnest\birdnest\include\includes.h(5): fatal error C1083: Cannot open include file: 'GL/glew.h': No such file or directory
  camera.cpp
d:\birdnestss\birdnest\birdnest\include\graphic\camera.h(4): fatal error C1083: Cannot open include file: 'includes.h': No such file or directory
  mesh.cpp
d:\birdnestss\birdnest\birdnest\include\graphic\mesh.h(4): fatal error C1083: Cannot open include file: 'includes.h': No such file or directory
  model.cpp
d:\birdnestss\birdnest\birdnest\include\graphic\model.h(4): fatal error C1083: Cannot open include file: 'includes.h': No such file or directory
  shader.cpp
d:\birdnestss\birdnest\birdnest\include\graphic\shader.h(4): fatal error C1083: Cannot open include file: 'includes.h': No such file or directory
  text.cpp
d:\birdnestss\birdnest\birdnest\include\graphic\text.h(4): fatal error C1083: Cannot open include file: 'includes.h': No such file or directory
  keycalls.cpp
d:\birdnestss\birdnest\birdnest\include\includes.h(5): fatal error C1083: Cannot open include file: 'GL/glew.h': No such file or directory
  lasku.cpp
d:\birdnestss\birdnest\birdnest\include\includes.h(5): fatal error C1083: Cannot open include file: 'GL/glew.h': No such file or directory
  settings.cpp
d:\birdnestss\birdnest\birdnest\include\includes.h(5): fatal error C1083: Cannot open include file: 'GL/glew.h': No such file or directory
  light.cpp
d:\birdnestss\birdnest\birdnest\light.h(4): fatal error C1083: Cannot open include file: 'includes.h': No such file or directory
  material.cpp
d:\birdnestss\birdnest\birdnest\include\includes.h(5): fatal error C1083: Cannot open include file: 'GL/glew.h': No such file or directory
  Source.cpp
Source.cpp(1): fatal error C1083: Cannot open include file: 'includes.h': No such file or directory
